<?xml version="1.0" encoding="UTF-8"?>
<!-- Generated by org.testng.reporters.JUnitReportReporter -->
<testsuite hostname="Parmeshwar-QA" name="com.Airpay.Tests.TC_PP_08" tests="2" failures="0" timestamp="21 Feb 2019 12:07:06 GMT" time="79.758" errors="0">
  <testcase name="setup" time="0.000" classname="com.Airpay.Tests.TC_PP_08"/>
  <testcase name="TC_TestCaseName" time="79.758" classname="com.Airpay.Tests.TC_PP_08"/>
</testsuite> <!-- com.Airpay.Tests.TC_PP_08 -->
