<?xml version="1.0" encoding="UTF-8"?>
<!-- Generated by org.testng.reporters.JUnitReportReporter -->
<testsuite hostname="Parmeshwar-QA" name="com.Airpay.Tests.TC_PP_09_Debit_Card_Inline_kit" tests="2" failures="0" timestamp="18 Mar 2019 08:29:35 GMT" time="16.429" errors="0">
  <testcase name="TC_TestCaseName" time="16.429" classname="com.Airpay.Tests.TC_PP_09_Debit_Card_Inline_kit"/>
  <testcase name="setup" time="0.000" classname="com.Airpay.Tests.TC_PP_09_Debit_Card_Inline_kit"/>
</testsuite> <!-- com.Airpay.Tests.TC_PP_09_Debit_Card_Inline_kit -->
