<?xml version="1.0" encoding="UTF-8"?>
<!-- Generated by org.testng.reporters.JUnitReportReporter -->
<testsuite skipped="0" hostname="DESKTOP-1HEU4UN" name="com.Airpay.Tests.TC_ID_Verify_American_Express_Save_Cards" tests="2" failures="0" timestamp="04 Dec 2019 15:25:58 GMT" time="78.494" errors="0">
  <testcase name="setup" time="0.000" classname="com.Airpay.Tests.TC_ID_Verify_American_Express_Save_Cards"/>
  <testcase name="TC_TestCaseName" time="78.494" classname="com.Airpay.Tests.TC_ID_Verify_American_Express_Save_Cards"/>
</testsuite> <!-- com.Airpay.Tests.TC_ID_Verify_American_Express_Save_Cards -->
