<?xml version="1.0" encoding="UTF-8"?>
<!-- Generated by org.testng.reporters.JUnitReportReporter -->
<testsuite hostname="Parmeshwar-QA" name="com.Airpay.Tests.TC_PP_NetBanking_Banking_popular_bank_verification" tests="2" failures="0" timestamp="22 Feb 2019 04:27:10 GMT" time="12.624" errors="0">
  <testcase name="TC_TestCaseName" time="12.624" classname="com.Airpay.Tests.TC_PP_NetBanking_Banking_popular_bank_verification"/>
  <testcase name="setup" time="0.000" classname="com.Airpay.Tests.TC_PP_NetBanking_Banking_popular_bank_verification"/>
</testsuite> <!-- com.Airpay.Tests.TC_PP_NetBanking_Banking_popular_bank_verification -->
