<?xml version="1.0" encoding="UTF-8"?>
<!-- Generated by org.testng.reporters.JUnitReportReporter -->
<testsuite hostname="Parmeshwar-QA" name="com.Airpay.Tests.TC_PP_13_Debit_Card" tests="2" failures="0" timestamp="25 Mar 2019 11:51:10 GMT" time="27.535" errors="0">
  <testcase name="TC_TestCaseName" time="27.535" classname="com.Airpay.Tests.TC_PP_13_Debit_Card"/>
  <testcase name="setup" time="0.000" classname="com.Airpay.Tests.TC_PP_13_Debit_Card"/>
</testsuite> <!-- com.Airpay.Tests.TC_PP_13_Debit_Card -->
