<?xml version="1.0" encoding="UTF-8"?>
<!-- Generated by org.testng.reporters.JUnitReportReporter -->
<testsuite skipped="0" hostname="DESKTOP-1HEU4UN" name="com.Airpay.Tests.TC_PP_Credit_Card_logo_Appearance" tests="2" failures="0" timestamp="04 Dec 2019 14:30:07 GMT" time="21.212" errors="0">
  <testcase name="setup" time="0.001" classname="com.Airpay.Tests.TC_PP_Credit_Card_logo_Appearance"/>
  <testcase name="TC_TestCaseName" time="21.211" classname="com.Airpay.Tests.TC_PP_Credit_Card_logo_Appearance"/>
</testsuite> <!-- com.Airpay.Tests.TC_PP_Credit_Card_logo_Appearance -->
