<?xml version="1.0" encoding="UTF-8"?>
<!-- Generated by org.testng.reporters.JUnitReportReporter -->
<testsuite hostname="Parmeshwar-QA" name="com.Airpay.Tests.TC_PP_AmexeZeClick_Testcase" tests="2" failures="0" timestamp="25 Mar 2019 12:39:59 GMT" time="91.430" errors="0">
  <testcase name="TC_TestCaseName" time="91.430" classname="com.Airpay.Tests.TC_PP_AmexeZeClick_Testcase"/>
  <testcase name="setup" time="0.000" classname="com.Airpay.Tests.TC_PP_AmexeZeClick_Testcase"/>
</testsuite> <!-- com.Airpay.Tests.TC_PP_AmexeZeClick_Testcase -->
