<?xml version="1.0" encoding="UTF-8"?>
<!-- Generated by org.testng.reporters.JUnitReportReporter -->
<testsuite hostname="Parmeshwar-QA" name="com.Airpay.Tests.TC_PP_Debit_Card_logo_Appearance" tests="2" failures="0" timestamp="22 Feb 2019 04:22:05 GMT" time="77.855" errors="0">
  <testcase name="TC_TestCaseName" time="77.855" classname="com.Airpay.Tests.TC_PP_Debit_Card_logo_Appearance"/>
  <testcase name="setup" time="0.000" classname="com.Airpay.Tests.TC_PP_Debit_Card_logo_Appearance"/>
</testsuite> <!-- com.Airpay.Tests.TC_PP_Debit_Card_logo_Appearance -->
