<?xml version="1.0" encoding="UTF-8"?>
<!-- Generated by org.testng.reporters.JUnitReportReporter -->
<testsuite skipped="0" hostname="DESKTOP-1HEU4UN" name="com.Airpay.Tests.TC_PP_UPI_Success_Transaction" tests="2" failures="0" timestamp="06 Jan 2020 07:33:01 GMT" time="99.568" errors="0">
  <testcase name="setup" time="0.000" classname="com.Airpay.Tests.TC_PP_UPI_Success_Transaction"/>
  <testcase name="TC_TestCaseName" time="99.568" classname="com.Airpay.Tests.TC_PP_UPI_Success_Transaction"/>
</testsuite> <!-- com.Airpay.Tests.TC_PP_UPI_Success_Transaction -->
