<?xml version="1.0" encoding="UTF-8"?>
<!-- Generated by org.testng.reporters.JUnitReportReporter -->
<testsuite hostname="Parmeshwar-QA" name="com.Airpay.Tests.TC_PP_PaytmChannel_Session_TimeOut_ErrorMesg" tests="2" failures="0" timestamp="20 Feb 2019 07:18:38 GMT" time="85.634" errors="0">
  <testcase name="setup" time="0.000" classname="com.Airpay.Tests.TC_PP_PaytmChannel_Session_TimeOut_ErrorMesg"/>
  <testcase name="TC_TestCaseName" time="85.634" classname="com.Airpay.Tests.TC_PP_PaytmChannel_Session_TimeOut_ErrorMesg"/>
</testsuite> <!-- com.Airpay.Tests.TC_PP_PaytmChannel_Session_TimeOut_ErrorMesg -->
