<?xml version="1.0" encoding="UTF-8"?>
<!-- Generated by org.testng.reporters.JUnitReportReporter -->
<testsuite hostname="Parmeshwar-QA" name="com.Airpay.Tests.TC_PP_NetBanking_Bank_page_validations" tests="2" failures="0" timestamp="20 Feb 2019 06:45:49 GMT" time="949.832" errors="0">
  <testcase name="TC_TestCaseName" time="949.832" classname="com.Airpay.Tests.TC_PP_NetBanking_Bank_page_validations"/>
  <testcase name="setup" time="0.000" classname="com.Airpay.Tests.TC_PP_NetBanking_Bank_page_validations"/>
</testsuite> <!-- com.Airpay.Tests.TC_PP_NetBanking_Bank_page_validations -->
