<?xml version="1.0" encoding="UTF-8"?>
<!-- Generated by org.testng.reporters.JUnitReportReporter -->
<testsuite skipped="0" hostname="DESKTOP-1HEU4UN" name="com.Airpay.Tests.TC_PP_10" tests="2" failures="0" timestamp="04 Dec 2019 13:46:05 GMT" time="78.381" errors="0">
  <testcase name="setup" time="0.001" classname="com.Airpay.Tests.TC_PP_10"/>
  <testcase name="TC_TestCaseName" time="78.380" classname="com.Airpay.Tests.TC_PP_10"/>
</testsuite> <!-- com.Airpay.Tests.TC_PP_10 -->
