<?xml version="1.0" encoding="UTF-8"?>
<!-- Generated by org.testng.reporters.JUnitReportReporter -->
<testsuite hostname="Parmeshwar-QA" name="com.Airpay.Tests.TC_PP_BharatOR_BarCode_CrossBtn_Error_verification_Inline_kit" tests="2" failures="0" timestamp="18 Mar 2019 09:21:42 GMT" time="32.566" errors="0">
  <testcase name="setup" time="0.000" classname="com.Airpay.Tests.TC_PP_BharatOR_BarCode_CrossBtn_Error_verification_Inline_kit"/>
  <testcase name="TC_TestCaseName" time="32.566" classname="com.Airpay.Tests.TC_PP_BharatOR_BarCode_CrossBtn_Error_verification_Inline_kit"/>
</testsuite> <!-- com.Airpay.Tests.TC_PP_BharatOR_BarCode_CrossBtn_Error_verification_Inline_kit -->
