<?xml version="1.0" encoding="UTF-8"?>
<!-- Generated by org.testng.reporters.JUnitReportReporter -->
<testsuite hostname="Parmeshwar-QA" name="com.Airpay.Tests.TC_PP_NetBanking_Banking_popular_bank_verification" tests="2" failures="0" timestamp="25 Mar 2019 12:17:21 GMT" time="15.559" errors="0">
  <testcase name="TC_TestCaseName" time="15.559" classname="com.Airpay.Tests.TC_PP_NetBanking_Banking_popular_bank_verification"/>
  <testcase name="setup" time="0.000" classname="com.Airpay.Tests.TC_PP_NetBanking_Banking_popular_bank_verification"/>
</testsuite> <!-- com.Airpay.Tests.TC_PP_NetBanking_Banking_popular_bank_verification -->
