<?xml version="1.0" encoding="UTF-8"?>
<!-- Generated by org.testng.reporters.JUnitReportReporter -->
<testsuite skipped="0" hostname="Airpay-PC" name="com.Airpay.Tests.TC_PP_NetBanking_Bank_page_validations" tests="2" failures="0" timestamp="11 Jul 2019 08:18:07 GMT" time="106.475" errors="0">
  <testcase name="setup" time="0.000" classname="com.Airpay.Tests.TC_PP_NetBanking_Bank_page_validations"/>
  <testcase name="TC_TestCaseName" time="106.475" classname="com.Airpay.Tests.TC_PP_NetBanking_Bank_page_validations"/>
</testsuite> <!-- com.Airpay.Tests.TC_PP_NetBanking_Bank_page_validations -->
