<?xml version="1.0" encoding="UTF-8"?>
<!-- Generated by org.testng.reporters.JUnitReportReporter -->
<testsuite hostname="Parmeshwar-QA" name="com.Airpay.Tests.TC_PP_Wallet_Previous_Selected_Popular_wallet" tests="2" failures="0" timestamp="19 Feb 2019 09:14:18 GMT" time="11.665" errors="0">
  <testcase name="TC_TestCaseName" time="11.665" classname="com.Airpay.Tests.TC_PP_Wallet_Previous_Selected_Popular_wallet"/>
  <testcase name="setup" time="0.000" classname="com.Airpay.Tests.TC_PP_Wallet_Previous_Selected_Popular_wallet"/>
</testsuite> <!-- com.Airpay.Tests.TC_PP_Wallet_Previous_Selected_Popular_wallet -->
