<?xml version="1.0" encoding="UTF-8"?>
<!-- Generated by org.testng.reporters.JUnitReportReporter -->
<testsuite hostname="Parmeshwar-QA" name="com.Airpay.Tests.TC_PP_14_Credit_Card" tests="2" failures="0" timestamp="18 Mar 2019 08:33:40 GMT" time="75.676" errors="0">
  <testcase name="TC_TestCaseName" time="75.676" classname="com.Airpay.Tests.TC_PP_14_Credit_Card"/>
  <testcase name="setup" time="0.000" classname="com.Airpay.Tests.TC_PP_14_Credit_Card"/>
</testsuite> <!-- com.Airpay.Tests.TC_PP_14_Credit_Card -->
