<?xml version="1.0" encoding="UTF-8"?>
<!-- Generated by org.testng.reporters.JUnitReportReporter -->
<testsuite hostname="Parmeshwar-QA" name="com.Airpay.Tests.TC_PP_09_Debit_Card" tests="2" failures="0" timestamp="30 May 2019 09:52:05 GMT" time="148.241" errors="0">
  <testcase name="TC_TestCaseName" time="148.241" classname="com.Airpay.Tests.TC_PP_09_Debit_Card"/>
  <testcase name="setup" time="0.000" classname="com.Airpay.Tests.TC_PP_09_Debit_Card"/>
</testsuite> <!-- com.Airpay.Tests.TC_PP_09_Debit_Card -->
