<?xml version="1.0" encoding="UTF-8"?>
<!-- Generated by org.testng.reporters.JUnitReportReporter -->
<testsuite hostname="Parmeshwar-QA" name="com.Airpay.Tests.TC_PP_04" tests="2" failures="0" timestamp="20 Feb 2019 06:22:39 GMT" time="17.320" errors="0">
  <testcase name="setup" time="0.000" classname="com.Airpay.Tests.TC_PP_04"/>
  <testcase name="TC_TestCaseName" time="17.320" classname="com.Airpay.Tests.TC_PP_04"/>
</testsuite> <!-- com.Airpay.Tests.TC_PP_04 -->
