<?xml version="1.0" encoding="UTF-8"?>
<!-- Generated by org.testng.reporters.JUnitReportReporter -->
<testsuite skipped="0" hostname="Airpay-PC" name="com.Airpay.Utilities.Create_TestNGXML" tests="1" failures="0" timestamp="12 Jul 2019 10:13:38 GMT" time="137.774" errors="0">
  <testcase name="createXMLfile" time="137.774" classname="com.Airpay.Utilities.Create_TestNGXML"/>
</testsuite> <!-- com.Airpay.Utilities.Create_TestNGXML -->
