<?xml version="1.0" encoding="UTF-8"?>
<!-- Generated by org.testng.reporters.JUnitReportReporter -->
<testsuite hostname="Parmeshwar-QA" name="com.Airpay.Tests.TC_PP_NetBanking_Bank_page_validations_Inline_kit" tests="2" failures="0" timestamp="18 Mar 2019 08:43:43 GMT" time="152.379" errors="0">
  <testcase name="TC_TestCaseName" time="152.379" classname="com.Airpay.Tests.TC_PP_NetBanking_Bank_page_validations_Inline_kit"/>
  <testcase name="setup" time="0.000" classname="com.Airpay.Tests.TC_PP_NetBanking_Bank_page_validations_Inline_kit"/>
</testsuite> <!-- com.Airpay.Tests.TC_PP_NetBanking_Bank_page_validations_Inline_kit -->
