<?xml version="1.0" encoding="UTF-8"?>
<!-- Generated by org.testng.reporters.JUnitReportReporter -->
<testsuite hostname="Parmeshwar-QA" name="com.Airpay.Tests.TC_PP_AmexeZeClick_Testcase_Inline_kit" tests="2" failures="0" timestamp="18 Mar 2019 09:26:57 GMT" time="81.599" errors="0">
  <testcase name="TC_TestCaseName" time="81.599" classname="com.Airpay.Tests.TC_PP_AmexeZeClick_Testcase_Inline_kit"/>
  <testcase name="setup" time="0.000" classname="com.Airpay.Tests.TC_PP_AmexeZeClick_Testcase_Inline_kit"/>
</testsuite> <!-- com.Airpay.Tests.TC_PP_AmexeZeClick_Testcase_Inline_kit -->
