<?xml version="1.0" encoding="UTF-8"?>
<!-- Generated by org.testng.reporters.JUnitReportReporter -->
<testsuite hostname="Parmeshwar-QA" name="com.Airpay.Tests.TC_PP_BharatOR_BarCode_img_verification" tests="2" failures="0" timestamp="19 Feb 2019 09:35:58 GMT" time="78.741" errors="0">
  <testcase name="TC_TestCaseName" time="78.741" classname="com.Airpay.Tests.TC_PP_BharatOR_BarCode_img_verification"/>
  <testcase name="setup" time="0.000" classname="com.Airpay.Tests.TC_PP_BharatOR_BarCode_img_verification"/>
</testsuite> <!-- com.Airpay.Tests.TC_PP_BharatOR_BarCode_img_verification -->
