<?xml version="1.0" encoding="UTF-8"?>
<!-- Generated by org.testng.reporters.JUnitReportReporter -->
<testsuite hostname="Parmeshwar-QA" name="com.Airpay.Tests.TC_PP_Credit_Card_logo_Appearance" tests="2" failures="0" timestamp="20 Feb 2019 06:48:05 GMT" time="14.335" errors="0">
  <testcase name="TC_TestCaseName" time="14.335" classname="com.Airpay.Tests.TC_PP_Credit_Card_logo_Appearance"/>
  <testcase name="setup" time="0.000" classname="com.Airpay.Tests.TC_PP_Credit_Card_logo_Appearance"/>
</testsuite> <!-- com.Airpay.Tests.TC_PP_Credit_Card_logo_Appearance -->
