<?xml version="1.0" encoding="UTF-8"?>
<!-- Generated by org.testng.reporters.JUnitReportReporter -->
<testsuite hostname="Parmeshwar-QA" name="com.Airpay.Tests.TC_PP_11_Credit_Card" tests="2" failures="0" timestamp="30 May 2019 09:56:50 GMT" time="119.560" errors="0">
  <testcase name="TC_TestCaseName" time="119.560" classname="com.Airpay.Tests.TC_PP_11_Credit_Card"/>
  <testcase name="setup" time="0.000" classname="com.Airpay.Tests.TC_PP_11_Credit_Card"/>
</testsuite> <!-- com.Airpay.Tests.TC_PP_11_Credit_Card -->
