<?xml version="1.0" encoding="UTF-8"?>
<!-- Generated by org.testng.reporters.JUnitReportReporter -->
<testsuite hostname="Parmeshwar-QA" name="com.Airpay.Tests.TC_PP_09_Amex_Credit_Card" tests="2" failures="0" timestamp="6 May 2019 06:41:12 GMT" time="25.235" errors="0">
  <testcase name="TC_TestCaseName" time="25.235" classname="com.Airpay.Tests.TC_PP_09_Amex_Credit_Card"/>
  <testcase name="setup" time="0.000" classname="com.Airpay.Tests.TC_PP_09_Amex_Credit_Card"/>
</testsuite> <!-- com.Airpay.Tests.TC_PP_09_Amex_Credit_Card -->
