<?xml version="1.0" encoding="UTF-8"?>
<!-- Generated by org.testng.reporters.JUnitReportReporter -->
<testsuite hostname="Parmeshwar-QA" name="com.Airpay.Tests.TC_PP_Wallet_Previous_Selected_Popular_wallet" tests="2" failures="0" timestamp="30 May 2019 08:03:46 GMT" time="28.420" errors="0">
  <testcase name="setup" time="0.000" classname="com.Airpay.Tests.TC_PP_Wallet_Previous_Selected_Popular_wallet"/>
  <testcase name="TC_TestCaseName" time="28.420" classname="com.Airpay.Tests.TC_PP_Wallet_Previous_Selected_Popular_wallet"/>
</testsuite> <!-- com.Airpay.Tests.TC_PP_Wallet_Previous_Selected_Popular_wallet -->
