<?xml version="1.0" encoding="UTF-8"?>
<!-- Generated by org.testng.reporters.JUnitReportReporter -->
<testsuite skipped="0" hostname="DESKTOP-1HEU4UN" name="com.Airpay.Tests.TC_PP_Invalid_UPI_Address_NewDesign" tests="2" failures="0" timestamp="07 Jan 2020 07:36:09 GMT" time="179.395" errors="0">
  <testcase name="setup" time="0.001" classname="com.Airpay.Tests.TC_PP_Invalid_UPI_Address_NewDesign"/>
  <testcase name="TC_TestCaseName" time="179.394" classname="com.Airpay.Tests.TC_PP_Invalid_UPI_Address_NewDesign"/>
</testsuite> <!-- com.Airpay.Tests.TC_PP_Invalid_UPI_Address_NewDesign -->
