<?xml version="1.0" encoding="UTF-8"?>
<!-- Generated by org.testng.reporters.JUnitReportReporter -->
<testsuite hostname="Parmeshwar-QA" name="com.Airpay.Tests.TC_PP_09_Amex_Credit_Card" tests="2" failures="0" timestamp="20 Feb 2019 06:24:32 GMT" time="22.401" errors="0">
  <testcase name="TC_TestCaseName" time="22.400" classname="com.Airpay.Tests.TC_PP_09_Amex_Credit_Card"/>
  <testcase name="setup" time="0.001" classname="com.Airpay.Tests.TC_PP_09_Amex_Credit_Card"/>
</testsuite> <!-- com.Airpay.Tests.TC_PP_09_Amex_Credit_Card -->
