<?xml version="1.0" encoding="UTF-8"?>
<!-- Generated by org.testng.reporters.JUnitReportReporter -->
<testsuite hostname="Parmeshwar-QA" name="com.Airpay.Tests.TC_PaymentPage_Logo_Verify" tests="14" failures="0" timestamp="25 Feb 2019 09:56:59 GMT" time="133.610" errors="0">
  <testcase name="TC_TestCaseName" time="16.895" classname="com.Airpay.Tests.TC_PaymentPage_Logo_Verify"/>
  <testcase name="setup" time="0.000" classname="com.Airpay.Tests.TC_PaymentPage_Logo_Verify"/>
  <testcase name="setup" time="0.000" classname="com.Airpay.Tests.TC_PaymentPage_Logo_Verify"/>
  <testcase name="TC_TestCaseName" time="18.601" classname="com.Airpay.Tests.TC_PaymentPage_Logo_Verify"/>
  <testcase name="setup" time="0.000" classname="com.Airpay.Tests.TC_PaymentPage_Logo_Verify"/>
  <testcase name="TC_TestCaseName" time="26.919" classname="com.Airpay.Tests.TC_PaymentPage_Logo_Verify"/>
  <testcase name="TC_TestCaseName" time="16.506" classname="com.Airpay.Tests.TC_PaymentPage_Logo_Verify"/>
  <testcase name="setup" time="0.000" classname="com.Airpay.Tests.TC_PaymentPage_Logo_Verify"/>
  <testcase name="TC_TestCaseName" time="18.855" classname="com.Airpay.Tests.TC_PaymentPage_Logo_Verify"/>
  <testcase name="TC_TestCaseName" time="18.990" classname="com.Airpay.Tests.TC_PaymentPage_Logo_Verify"/>
  <testcase name="TC_TestCaseName" time="16.840" classname="com.Airpay.Tests.TC_PaymentPage_Logo_Verify"/>
  <testcase name="setup" time="0.004" classname="com.Airpay.Tests.TC_PaymentPage_Logo_Verify"/>
  <testcase name="setup" time="0.000" classname="com.Airpay.Tests.TC_PaymentPage_Logo_Verify"/>
  <testcase name="setup" time="0.000" classname="com.Airpay.Tests.TC_PaymentPage_Logo_Verify"/>
</testsuite> <!-- com.Airpay.Tests.TC_PaymentPage_Logo_Verify -->
