<?xml version="1.0" encoding="UTF-8"?>
<!-- Generated by org.testng.reporters.JUnitReportReporter -->
<testsuite skipped="0" hostname="DESKTOP-1HEU4UN" name="com.Airpay.Tests.TC_PP_EMI_Bank_Type_Verification" tests="2" failures="0" timestamp="04 Dec 2019 15:02:35 GMT" time="87.777" errors="0">
  <testcase name="setup" time="0.001" classname="com.Airpay.Tests.TC_PP_EMI_Bank_Type_Verification"/>
  <testcase name="TC_TestCaseName" time="87.776" classname="com.Airpay.Tests.TC_PP_EMI_Bank_Type_Verification"/>
</testsuite> <!-- com.Airpay.Tests.TC_PP_EMI_Bank_Type_Verification -->
