<?xml version="1.0" encoding="UTF-8"?>
<!-- Generated by org.testng.reporters.JUnitReportReporter -->
<testsuite hostname="Parmeshwar-QA" name="com.Airpay.Tests.TC_PP_PaytmChannel_Session_Cancel_Popup_ErrorMessage" tests="2" failures="0" timestamp="19 Feb 2019 09:46:25 GMT" time="80.283" errors="0">
  <testcase name="setup" time="0.000" classname="com.Airpay.Tests.TC_PP_PaytmChannel_Session_Cancel_Popup_ErrorMessage"/>
  <testcase name="TC_TestCaseName" time="80.283" classname="com.Airpay.Tests.TC_PP_PaytmChannel_Session_Cancel_Popup_ErrorMessage"/>
</testsuite> <!-- com.Airpay.Tests.TC_PP_PaytmChannel_Session_Cancel_Popup_ErrorMessage -->
