<?xml version="1.0" encoding="UTF-8"?>
<!-- Generated by org.testng.reporters.JUnitReportReporter -->
<testsuite hostname="Parmeshwar-QA" name="com.Airpay.Tests.TC_PP_05_Inline_kit" tests="2" failures="0" timestamp="18 Mar 2019 08:26:17 GMT" time="6.448" errors="0">
  <testcase name="setup" time="0.000" classname="com.Airpay.Tests.TC_PP_05_Inline_kit"/>
  <testcase name="TC_TestCaseName" time="6.448" classname="com.Airpay.Tests.TC_PP_05_Inline_kit"/>
</testsuite> <!-- com.Airpay.Tests.TC_PP_05_Inline_kit -->
