<?xml version="1.0" encoding="UTF-8"?>
<!-- Generated by org.testng.reporters.JUnitReportReporter -->
<testsuite hostname="Parmeshwar-QA" name="com.Airpay.Tests.TC_PP_Amazon_Pay_TestCase" tests="2" failures="0" timestamp="22 Feb 2019 04:58:30 GMT" time="79.291" errors="0">
  <testcase name="TC_TestCaseName" time="79.291" classname="com.Airpay.Tests.TC_PP_Amazon_Pay_TestCase"/>
  <testcase name="setup" time="0.000" classname="com.Airpay.Tests.TC_PP_Amazon_Pay_TestCase"/>
</testsuite> <!-- com.Airpay.Tests.TC_PP_Amazon_Pay_TestCase -->
