<?xml version="1.0" encoding="UTF-8"?>
<!-- Generated by org.testng.reporters.JUnitReportReporter -->
<testsuite skipped="0" hostname="DESKTOP-1HEU4UN" name="com.Airpay.Utilities.Create_TestNGXML" tests="1" failures="0" timestamp="06 Feb 2020 13:05:09 GMT" time="238.136" errors="0">
  <testcase name="createXMLfile" time="238.136" classname="com.Airpay.Utilities.Create_TestNGXML"/>
</testsuite> <!-- com.Airpay.Utilities.Create_TestNGXML -->
