<?xml version="1.0" encoding="UTF-8"?>
<!-- Generated by org.testng.reporters.JUnitReportReporter -->
<testsuite hostname="Parmeshwar-QA" name="com.Airpay.Tests.TC_PP_NetBanking_Previous_Selected_PopularBank_Inline_kit" tests="2" failures="0" timestamp="18 Mar 2019 08:53:20 GMT" time="15.550" errors="0">
  <testcase name="setup" time="0.000" classname="com.Airpay.Tests.TC_PP_NetBanking_Previous_Selected_PopularBank_Inline_kit"/>
  <testcase name="TC_TestCaseName" time="15.550" classname="com.Airpay.Tests.TC_PP_NetBanking_Previous_Selected_PopularBank_Inline_kit"/>
</testsuite> <!-- com.Airpay.Tests.TC_PP_NetBanking_Previous_Selected_PopularBank_Inline_kit -->
