<?xml version="1.0" encoding="UTF-8"?>
<!-- Generated by org.testng.reporters.JUnitReportReporter -->
<testsuite skipped="0" hostname="DESKTOP-1HEU4UN" name="com.Airpay.Tests.TC_ID_Verify_Express_Payments_Invalid_PWd_and_BlankPWD" tests="2" failures="0" timestamp="04 Dec 2019 15:27:19 GMT" time="17.267" errors="0">
  <testcase name="setup" time="0.000" classname="com.Airpay.Tests.TC_ID_Verify_Express_Payments_Invalid_PWd_and_BlankPWD"/>
  <testcase name="TC_TestCaseName" time="17.267" classname="com.Airpay.Tests.TC_ID_Verify_Express_Payments_Invalid_PWd_and_BlankPWD"/>
</testsuite> <!-- com.Airpay.Tests.TC_ID_Verify_Express_Payments_Invalid_PWd_and_BlankPWD -->
