<?xml version="1.0" encoding="UTF-8"?>
<!-- Generated by org.testng.reporters.JUnitReportReporter -->
<testsuite hostname="Parmeshwar-QA" name="com.Airpay.Tests.TC_PP_12" tests="2" failures="0" timestamp="25 Mar 2019 11:49:57 GMT" time="24.521" errors="0">
  <testcase name="TC_TestCaseName" time="24.521" classname="com.Airpay.Tests.TC_PP_12"/>
  <testcase name="setup" time="0.000" classname="com.Airpay.Tests.TC_PP_12"/>
</testsuite> <!-- com.Airpay.Tests.TC_PP_12 -->
