<?xml version="1.0" encoding="UTF-8"?>
<!-- Generated by org.testng.reporters.JUnitReportReporter -->
<testsuite hostname="Parmeshwar-QA" name="com.Airpay.Tests.TC_PP_NetBanking_Banking_popular_bank_verification_Inline_kit" tests="2" failures="0" timestamp="18 Mar 2019 08:52:56 GMT" time="13.331" errors="0">
  <testcase name="setup" time="0.000" classname="com.Airpay.Tests.TC_PP_NetBanking_Banking_popular_bank_verification_Inline_kit"/>
  <testcase name="TC_TestCaseName" time="13.331" classname="com.Airpay.Tests.TC_PP_NetBanking_Banking_popular_bank_verification_Inline_kit"/>
</testsuite> <!-- com.Airpay.Tests.TC_PP_NetBanking_Banking_popular_bank_verification_Inline_kit -->
