<?xml version="1.0" encoding="UTF-8"?>
<!-- Generated by org.testng.reporters.JUnitReportReporter -->
<testsuite skipped="0" hostname="DESKTOP-1HEU4UN" name="com.Airpay.Tests.TC_PP_12" tests="2" failures="0" timestamp="04 Dec 2019 13:48:46 GMT" time="33.421" errors="0">
  <testcase name="setup" time="0.000" classname="com.Airpay.Tests.TC_PP_12"/>
  <testcase name="TC_TestCaseName" time="33.421" classname="com.Airpay.Tests.TC_PP_12"/>
</testsuite> <!-- com.Airpay.Tests.TC_PP_12 -->
