<?xml version="1.0" encoding="UTF-8"?>
<!-- Generated by org.testng.reporters.JUnitReportReporter -->
<testsuite hostname="Parmeshwar-QA" name="com.Airpay.Tests.TC_Verify_Surcharge_Mode_On_OFF" tests="2" failures="0" timestamp="25 Mar 2019 11:43:51 GMT" time="70.923" errors="0">
  <testcase name="TC_TestCaseName" time="70.918" classname="com.Airpay.Tests.TC_Verify_Surcharge_Mode_On_OFF"/>
  <testcase name="setup" time="0.005" classname="com.Airpay.Tests.TC_Verify_Surcharge_Mode_On_OFF"/>
</testsuite> <!-- com.Airpay.Tests.TC_Verify_Surcharge_Mode_On_OFF -->
