<?xml version="1.0" encoding="UTF-8"?>
<!-- Generated by org.testng.reporters.JUnitReportReporter -->
<testsuite hostname="Parmeshwar-QA" name="com.Airpay.Tests.TC_PP_NetBanking_All_Bank_Name_Access" tests="2" failures="0" timestamp="19 Feb 2019 09:13:20 GMT" time="43.950" errors="0">
  <testcase name="TC_TestCaseName" time="43.950" classname="com.Airpay.Tests.TC_PP_NetBanking_All_Bank_Name_Access"/>
  <testcase name="setup" time="0.000" classname="com.Airpay.Tests.TC_PP_NetBanking_All_Bank_Name_Access"/>
</testsuite> <!-- com.Airpay.Tests.TC_PP_NetBanking_All_Bank_Name_Access -->
