<?xml version="1.0" encoding="UTF-8"?>
<!-- Generated by org.testng.reporters.JUnitReportReporter -->
<testsuite skipped="0" hostname="DESKTOP-1HEU4UN" name="com.Airpay.Tests.TC_ID_Verify_Express_Payments_Forgot_Password_link_Sent" tests="2" failures="0" timestamp="04 Dec 2019 15:28:03 GMT" time="24.083" errors="0">
  <testcase name="setup" time="0.000" classname="com.Airpay.Tests.TC_ID_Verify_Express_Payments_Forgot_Password_link_Sent"/>
  <testcase name="TC_TestCaseName" time="24.083" classname="com.Airpay.Tests.TC_ID_Verify_Express_Payments_Forgot_Password_link_Sent"/>
</testsuite> <!-- com.Airpay.Tests.TC_ID_Verify_Express_Payments_Forgot_Password_link_Sent -->
