<?xml version="1.0" encoding="UTF-8"?>
<!-- Generated by org.testng.reporters.JUnitReportReporter -->
<testsuite skipped="0" hostname="Airpay-PC" name="com.Airpay.Tests.TC_PP_04" tests="2" failures="0" timestamp="11 Jul 2019 08:02:29 GMT" time="12.126" errors="0">
  <testcase name="setup" time="0.000" classname="com.Airpay.Tests.TC_PP_04"/>
  <testcase name="TC_TestCaseName" time="12.126" classname="com.Airpay.Tests.TC_PP_04"/>
</testsuite> <!-- com.Airpay.Tests.TC_PP_04 -->
