<?xml version="1.0" encoding="UTF-8"?>
<!-- Generated by org.testng.reporters.JUnitReportReporter -->
<testsuite hostname="Parmeshwar-QA" name="com.Airpay.Tests.TC_PP_09_Amex_Credit_Card" tests="2" failures="0" timestamp="19 Feb 2019 08:53:23 GMT" time="21.991" errors="0">
  <testcase name="setup" time="0.001" classname="com.Airpay.Tests.TC_PP_09_Amex_Credit_Card"/>
  <testcase name="TC_TestCaseName" time="21.990" classname="com.Airpay.Tests.TC_PP_09_Amex_Credit_Card"/>
</testsuite> <!-- com.Airpay.Tests.TC_PP_09_Amex_Credit_Card -->
