<?xml version="1.0" encoding="UTF-8"?>
<!-- Generated by org.testng.reporters.JUnitReportReporter -->
<testsuite hostname="Parmeshwar-QA" name="com.Airpay.Tests.TC_PaymentPage_Logo_Verify" tests="14" failures="0" timestamp="17 Apr 2019 11:04:12 GMT" time="197.648" errors="0">
  <testcase name="setup" time="0.000" classname="com.Airpay.Tests.TC_PaymentPage_Logo_Verify"/>
  <testcase name="setup" time="0.004" classname="com.Airpay.Tests.TC_PaymentPage_Logo_Verify"/>
  <testcase name="setup" time="0.000" classname="com.Airpay.Tests.TC_PaymentPage_Logo_Verify"/>
  <testcase name="TC_TestCaseName" time="23.570" classname="com.Airpay.Tests.TC_PaymentPage_Logo_Verify"/>
  <testcase name="setup" time="0.000" classname="com.Airpay.Tests.TC_PaymentPage_Logo_Verify"/>
  <testcase name="TC_TestCaseName" time="26.739" classname="com.Airpay.Tests.TC_PaymentPage_Logo_Verify"/>
  <testcase name="setup" time="0.000" classname="com.Airpay.Tests.TC_PaymentPage_Logo_Verify"/>
  <testcase name="setup" time="0.002" classname="com.Airpay.Tests.TC_PaymentPage_Logo_Verify"/>
  <testcase name="TC_TestCaseName" time="25.999" classname="com.Airpay.Tests.TC_PaymentPage_Logo_Verify"/>
  <testcase name="setup" time="0.000" classname="com.Airpay.Tests.TC_PaymentPage_Logo_Verify"/>
  <testcase name="TC_TestCaseName" time="26.810" classname="com.Airpay.Tests.TC_PaymentPage_Logo_Verify"/>
  <testcase name="TC_TestCaseName" time="34.629" classname="com.Airpay.Tests.TC_PaymentPage_Logo_Verify"/>
  <testcase name="TC_TestCaseName" time="26.374" classname="com.Airpay.Tests.TC_PaymentPage_Logo_Verify"/>
  <testcase name="TC_TestCaseName" time="33.521" classname="com.Airpay.Tests.TC_PaymentPage_Logo_Verify"/>
</testsuite> <!-- com.Airpay.Tests.TC_PaymentPage_Logo_Verify -->
