<?xml version="1.0" encoding="UTF-8"?>
<!-- Generated by org.testng.reporters.JUnitReportReporter -->
<testsuite hostname="Parmeshwar-QA" name="com.Airpay.Tests.TC_PP_NetBanking_errorValidtion" tests="2" failures="0" timestamp="21 Feb 2019 12:17:53 GMT" time="24.318" errors="0">
  <testcase name="TC_TestCaseName" time="24.318" classname="com.Airpay.Tests.TC_PP_NetBanking_errorValidtion"/>
  <testcase name="setup" time="0.000" classname="com.Airpay.Tests.TC_PP_NetBanking_errorValidtion"/>
</testsuite> <!-- com.Airpay.Tests.TC_PP_NetBanking_errorValidtion -->
