<?xml version="1.0" encoding="UTF-8"?>
<!-- Generated by org.testng.reporters.JUnitReportReporter -->
<testsuite hostname="Parmeshwar-QA" name="com.Airpay.Tests.TC_PP_RTGS_And_NEFT_SuccessTransaction_ErrorMessage" tests="2" failures="0" timestamp="22 Feb 2019 04:19:09 GMT" time="78.068" errors="0">
  <testcase name="TC_TestCaseName" time="78.068" classname="com.Airpay.Tests.TC_PP_RTGS_And_NEFT_SuccessTransaction_ErrorMessage"/>
  <testcase name="setup" time="0.000" classname="com.Airpay.Tests.TC_PP_RTGS_And_NEFT_SuccessTransaction_ErrorMessage"/>
</testsuite> <!-- com.Airpay.Tests.TC_PP_RTGS_And_NEFT_SuccessTransaction_ErrorMessage -->
