<?xml version="1.0" encoding="UTF-8"?>
<!-- Generated by org.testng.reporters.JUnitReportReporter -->
<testsuite hostname="Parmeshwar-QA" name="com.Airpay.Tests.TC_PP_Credit_Card_logo_Appearance" tests="2" failures="0" timestamp="19 Feb 2019 09:06:13 GMT" time="79.913" errors="0">
  <testcase name="setup" time="0.000" classname="com.Airpay.Tests.TC_PP_Credit_Card_logo_Appearance"/>
  <testcase name="TC_TestCaseName" time="79.913" classname="com.Airpay.Tests.TC_PP_Credit_Card_logo_Appearance"/>
</testsuite> <!-- com.Airpay.Tests.TC_PP_Credit_Card_logo_Appearance -->
