<?xml version="1.0" encoding="UTF-8"?>
<!-- Generated by org.testng.reporters.JUnitReportReporter -->
<testsuite skipped="0" hostname="Airpay-PC" name="com.Airpay.Tests.TC_ID_Verify_American_Express_Save_Cards" tests="2" failures="0" timestamp="11 Jul 2019 09:17:48 GMT" time="65.501" errors="0">
  <testcase name="setup" time="0.000" classname="com.Airpay.Tests.TC_ID_Verify_American_Express_Save_Cards"/>
  <testcase name="TC_TestCaseName" time="65.501" classname="com.Airpay.Tests.TC_ID_Verify_American_Express_Save_Cards"/>
</testsuite> <!-- com.Airpay.Tests.TC_ID_Verify_American_Express_Save_Cards -->
