<?xml version="1.0" encoding="UTF-8"?>
<!-- Generated by org.testng.reporters.JUnitReportReporter -->
<testsuite skipped="0" hostname="Airpay-PC" name="com.Airpay.Tests.TC_PP_09_Amex_Credit_Card" tests="2" failures="0" timestamp="11 Jul 2019 08:06:16 GMT" time="23.155" errors="0">
  <testcase name="setup" time="0.000" classname="com.Airpay.Tests.TC_PP_09_Amex_Credit_Card"/>
  <testcase name="TC_TestCaseName" time="23.155" classname="com.Airpay.Tests.TC_PP_09_Amex_Credit_Card"/>
</testsuite> <!-- com.Airpay.Tests.TC_PP_09_Amex_Credit_Card -->
