<?xml version="1.0" encoding="UTF-8"?>
<!-- Generated by org.testng.reporters.JUnitReportReporter -->
<testsuite hostname="Parmeshwar-QA" name="com.Airpay.Tests.TC_PP_PaytmChannel_UPI_Success_Transaction" tests="2" failures="0" timestamp="25 Mar 2019 12:48:25 GMT" time="91.873" errors="0">
  <testcase name="TC_TestCaseName" time="91.873" classname="com.Airpay.Tests.TC_PP_PaytmChannel_UPI_Success_Transaction"/>
  <testcase name="setup" time="0.000" classname="com.Airpay.Tests.TC_PP_PaytmChannel_UPI_Success_Transaction"/>
</testsuite> <!-- com.Airpay.Tests.TC_PP_PaytmChannel_UPI_Success_Transaction -->
