<?xml version="1.0" encoding="UTF-8"?>
<!-- Generated by org.testng.reporters.JUnitReportReporter -->
<testsuite hostname="Parmeshwar-QA" name="com.Airpay.Tests.TC_PP_Cash_MakePayment_PinCodeErrorLine" tests="2" failures="0" timestamp="22 Feb 2019 04:16:13 GMT" time="78.662" errors="0">
  <testcase name="setup" time="0.001" classname="com.Airpay.Tests.TC_PP_Cash_MakePayment_PinCodeErrorLine"/>
  <testcase name="TC_TestCaseName" time="78.661" classname="com.Airpay.Tests.TC_PP_Cash_MakePayment_PinCodeErrorLine"/>
</testsuite> <!-- com.Airpay.Tests.TC_PP_Cash_MakePayment_PinCodeErrorLine -->
