<?xml version="1.0" encoding="UTF-8"?>
<!-- Generated by org.testng.reporters.JUnitReportReporter -->
<testsuite hostname="Parmeshwar-QA" name="com.Airpay.Tests.TC_PP_01" tests="2" failures="0" timestamp="8 Feb 2019 04:00:42 GMT" time="3.207" errors="0">
  <testcase name="TC_TestCaseName" time="3.206" classname="com.Airpay.Tests.TC_PP_01"/>
  <testcase name="setup" time="0.001" classname="com.Airpay.Tests.TC_PP_01"/>
</testsuite> <!-- com.Airpay.Tests.TC_PP_01 -->
