<?xml version="1.0" encoding="UTF-8"?>
<!-- Generated by org.testng.reporters.JUnitReportReporter -->
<testsuite hostname="Parmeshwar-QA" name="com.Airpay.Tests.TC_PP_Moto_Transaction_Credit_Card_Successfull_Transaction" tests="2" failures="0" timestamp="20 Feb 2019 06:59:12 GMT" time="44.943" errors="0">
  <testcase name="setup" time="0.000" classname="com.Airpay.Tests.TC_PP_Moto_Transaction_Credit_Card_Successfull_Transaction"/>
  <testcase name="TC_TestCaseName" time="44.943" classname="com.Airpay.Tests.TC_PP_Moto_Transaction_Credit_Card_Successfull_Transaction"/>
</testsuite> <!-- com.Airpay.Tests.TC_PP_Moto_Transaction_Credit_Card_Successfull_Transaction -->
