<?xml version="1.0" encoding="UTF-8"?>
<!-- Generated by org.testng.reporters.JUnitReportReporter -->
<testsuite hostname="Parmeshwar-QA" name="com.Airpay.Tests.TC_PP_NetBanking_Bank_page_validations" tests="2" failures="0" timestamp="22 Feb 2019 04:13:14 GMT" time="57220.715" errors="0">
  <testcase name="setup" time="0.000" classname="com.Airpay.Tests.TC_PP_NetBanking_Bank_page_validations"/>
  <testcase name="TC_TestCaseName" time="57220.715" classname="com.Airpay.Tests.TC_PP_NetBanking_Bank_page_validations"/>
</testsuite> <!-- com.Airpay.Tests.TC_PP_NetBanking_Bank_page_validations -->
