<?xml version="1.0" encoding="UTF-8"?>
<!-- Generated by org.testng.reporters.JUnitReportReporter -->
<testsuite skipped="0" hostname="DESKTOP-1HEU4UN" name="com.Airpay.Tests.TC_PP_valid_UPI_SessionTimeOut_ErrMsg_NewDesign" tests="2" failures="0" timestamp="06 Jan 2020 13:27:39 GMT" time="205.481" errors="0">
  <testcase name="setup" time="0.008" classname="com.Airpay.Tests.TC_PP_valid_UPI_SessionTimeOut_ErrMsg_NewDesign"/>
  <testcase name="TC_TestCaseName" time="205.473" classname="com.Airpay.Tests.TC_PP_valid_UPI_SessionTimeOut_ErrMsg_NewDesign"/>
</testsuite> <!-- com.Airpay.Tests.TC_PP_valid_UPI_SessionTimeOut_ErrMsg_NewDesign -->
