<?xml version="1.0" encoding="UTF-8"?>
<!-- Generated by org.testng.reporters.JUnitReportReporter -->
<testsuite hostname="Parmeshwar-QA" name="com.Airpay.Tests.TC_PP_04" tests="2" failures="0" timestamp="19 Feb 2019 08:51:25 GMT" time="31.130" errors="0">
  <testcase name="TC_TestCaseName" time="31.130" classname="com.Airpay.Tests.TC_PP_04"/>
  <testcase name="setup" time="0.000" classname="com.Airpay.Tests.TC_PP_04"/>
</testsuite> <!-- com.Airpay.Tests.TC_PP_04 -->
