<?xml version="1.0" encoding="UTF-8"?>
<!-- Generated by org.testng.reporters.JUnitReportReporter -->
<testsuite hostname="Parmeshwar-QA" name="com.Airpay.Tests.TC_PP_04__Inline_kit" tests="2" failures="0" timestamp="18 Mar 2019 08:26:02 GMT" time="8.766" errors="0">
  <testcase name="setup" time="0.000" classname="com.Airpay.Tests.TC_PP_04__Inline_kit"/>
  <testcase name="TC_TestCaseName" time="8.766" classname="com.Airpay.Tests.TC_PP_04__Inline_kit"/>
</testsuite> <!-- com.Airpay.Tests.TC_PP_04__Inline_kit -->
