<?xml version="1.0" encoding="UTF-8"?>
<!-- Generated by org.testng.reporters.JUnitReportReporter -->
<testsuite hostname="DESKTOP-1HEU4UN" name="com.Airpay.Tests.TC_PP_01" tests="2" failures="0" timestamp="6 Dec 2019 11:57:00 GMT" time="16.390" errors="0">
  <testcase name="TC_TestCaseName" time="16.369" classname="com.Airpay.Tests.TC_PP_01"/>
  <testcase name="setup" time="0.021" classname="com.Airpay.Tests.TC_PP_01"/>
</testsuite> <!-- com.Airpay.Tests.TC_PP_01 -->
