<?xml version="1.0" encoding="UTF-8"?>
<!-- Generated by org.testng.reporters.JUnitReportReporter -->
<testsuite skipped="0" hostname="Airpay-PC" name="com.Airpay.Tests.TC_PP_Moto_Transaction_Debit_Card_failed_Transaction" tests="2" failures="0" timestamp="11 Jul 2019 08:48:47 GMT" time="27.789" errors="0">
  <testcase name="setup" time="0.000" classname="com.Airpay.Tests.TC_PP_Moto_Transaction_Debit_Card_failed_Transaction"/>
  <testcase name="TC_TestCaseName" time="27.789" classname="com.Airpay.Tests.TC_PP_Moto_Transaction_Debit_Card_failed_Transaction"/>
</testsuite> <!-- com.Airpay.Tests.TC_PP_Moto_Transaction_Debit_Card_failed_Transaction -->
