<?xml version="1.0" encoding="UTF-8"?>
<!-- Generated by org.testng.reporters.JUnitReportReporter -->
<testsuite hostname="Parmeshwar-QA" name="com.Airpay.Tests.TC_Verify_Surcharge_Mode_On_OFF" tests="2" failures="0" timestamp="21 Feb 2019 08:14:55 GMT" time="119.312" errors="0">
  <testcase name="TC_TestCaseName" time="119.304" classname="com.Airpay.Tests.TC_Verify_Surcharge_Mode_On_OFF"/>
  <testcase name="setup" time="0.008" classname="com.Airpay.Tests.TC_Verify_Surcharge_Mode_On_OFF"/>
</testsuite> <!-- com.Airpay.Tests.TC_Verify_Surcharge_Mode_On_OFF -->
