<?xml version="1.0" encoding="UTF-8"?>
<!-- Generated by org.testng.reporters.JUnitReportReporter -->
<testsuite hostname="Parmeshwar-QA" name="com.Airpay.Tests.TC_PP_11_Credit_Card" tests="2" failures="0" timestamp="19 Feb 2019 08:54:55 GMT" time="33.617" errors="0">
  <testcase name="TC_TestCaseName" time="33.617" classname="com.Airpay.Tests.TC_PP_11_Credit_Card"/>
  <testcase name="setup" time="0.000" classname="com.Airpay.Tests.TC_PP_11_Credit_Card"/>
</testsuite> <!-- com.Airpay.Tests.TC_PP_11_Credit_Card -->
