<?xml version="1.0" encoding="UTF-8"?>
<!-- Generated by org.testng.reporters.JUnitReportReporter -->
<testsuite skipped="0" hostname="Airpay-PC" name="com.Airpay.Tests.TC_PP_08" tests="2" failures="0" timestamp="11 Jul 2019 08:04:38 GMT" time="14.042" errors="0">
  <testcase name="setup" time="0.001" classname="com.Airpay.Tests.TC_PP_08"/>
  <testcase name="TC_TestCaseName" time="14.041" classname="com.Airpay.Tests.TC_PP_08"/>
</testsuite> <!-- com.Airpay.Tests.TC_PP_08 -->
