<?xml version="1.0" encoding="UTF-8"?>
<!-- Generated by org.testng.reporters.JUnitReportReporter -->
<testsuite hostname="Parmeshwar-QA" name="com.Airpay.Tests.TC_PP_Amazon_Pay_TestCase" tests="2" failures="0" timestamp="25 Mar 2019 12:41:41 GMT" time="43.163" errors="0">
  <testcase name="setup" time="0.000" classname="com.Airpay.Tests.TC_PP_Amazon_Pay_TestCase"/>
  <testcase name="TC_TestCaseName" time="43.163" classname="com.Airpay.Tests.TC_PP_Amazon_Pay_TestCase"/>
</testsuite> <!-- com.Airpay.Tests.TC_PP_Amazon_Pay_TestCase -->
