<?xml version="1.0" encoding="UTF-8"?>
<!-- Generated by org.testng.reporters.JUnitReportReporter -->
<testsuite hostname="Parmeshwar-QA" name="com.Airpay.Tests.TC_PP_13_Credit_Card" tests="2" failures="0" timestamp="19 Feb 2019 08:56:39 GMT" time="23.295" errors="0">
  <testcase name="setup" time="0.001" classname="com.Airpay.Tests.TC_PP_13_Credit_Card"/>
  <testcase name="TC_TestCaseName" time="23.294" classname="com.Airpay.Tests.TC_PP_13_Credit_Card"/>
</testsuite> <!-- com.Airpay.Tests.TC_PP_13_Credit_Card -->
