<?xml version="1.0" encoding="UTF-8"?>
<!-- Generated by org.testng.reporters.JUnitReportReporter -->
<testsuite skipped="0" hostname="DESKTOP-1HEU4UN" name="com.Airpay.Tests.TC_PP_AmexeZeClick_Testcase" tests="2" failures="0" timestamp="04 Dec 2019 15:16:24 GMT" time="100.934" errors="0">
  <testcase name="setup" time="0.001" classname="com.Airpay.Tests.TC_PP_AmexeZeClick_Testcase"/>
  <testcase name="TC_TestCaseName" time="100.933" classname="com.Airpay.Tests.TC_PP_AmexeZeClick_Testcase"/>
</testsuite> <!-- com.Airpay.Tests.TC_PP_AmexeZeClick_Testcase -->
