<?xml version="1.0" encoding="UTF-8"?>
<!-- Generated by org.testng.reporters.JUnitReportReporter -->
<testsuite skipped="0" hostname="DESKTOP-1HEU4UN" name="com.Airpay.Tests.TC_PP_13_Debit_Card" tests="2" failures="0" timestamp="04 Dec 2019 13:50:36 GMT" time="35.960" errors="0">
  <testcase name="setup" time="0.000" classname="com.Airpay.Tests.TC_PP_13_Debit_Card"/>
  <testcase name="TC_TestCaseName" time="35.960" classname="com.Airpay.Tests.TC_PP_13_Debit_Card"/>
</testsuite> <!-- com.Airpay.Tests.TC_PP_13_Debit_Card -->
