<?xml version="1.0" encoding="UTF-8"?>
<!-- Generated by org.testng.reporters.JUnitReportReporter -->
<testsuite hostname="Parmeshwar-QA" name="com.Airpay.Tests.TC_PP_11_Credit_Card" tests="2" failures="0" timestamp="21 Feb 2019 12:11:22 GMT" time="78.889" errors="0">
  <testcase name="setup" time="0.000" classname="com.Airpay.Tests.TC_PP_11_Credit_Card"/>
  <testcase name="TC_TestCaseName" time="78.889" classname="com.Airpay.Tests.TC_PP_11_Credit_Card"/>
</testsuite> <!-- com.Airpay.Tests.TC_PP_11_Credit_Card -->
