<?xml version="1.0" encoding="UTF-8"?>
<!-- Generated by org.testng.reporters.JUnitReportReporter -->
<testsuite hostname="Parmeshwar-QA" name="com.Airpay.Tests.TC_PP_13_Debit_Card" tests="2" failures="0" timestamp="21 Feb 2019 12:17:18 GMT" time="79.063" errors="0">
  <testcase name="TC_TestCaseName" time="79.063" classname="com.Airpay.Tests.TC_PP_13_Debit_Card"/>
  <testcase name="setup" time="0.000" classname="com.Airpay.Tests.TC_PP_13_Debit_Card"/>
</testsuite> <!-- com.Airpay.Tests.TC_PP_13_Debit_Card -->
