<?xml version="1.0" encoding="UTF-8"?>
<!-- Generated by org.testng.reporters.JUnitReportReporter -->
<testsuite hostname="Parmeshwar-QA" name="com.Airpay.Tests.TC_PP_17_Credit_Card" tests="2" failures="0" timestamp="20 Feb 2019 06:50:44 GMT" time="35.393" errors="0">
  <testcase name="TC_TestCaseName" time="35.393" classname="com.Airpay.Tests.TC_PP_17_Credit_Card"/>
  <testcase name="setup" time="0.000" classname="com.Airpay.Tests.TC_PP_17_Credit_Card"/>
</testsuite> <!-- com.Airpay.Tests.TC_PP_17_Credit_Card -->
