<?xml version="1.0" encoding="UTF-8"?>
<!-- Generated by org.testng.reporters.JUnitReportReporter -->
<testsuite skipped="0" hostname="DESKTOP-1HEU4UN" name="com.Airpay.Tests.TC_PP_Wallet_Previous_Selected_Popular_wallet" tests="2" failures="0" timestamp="04 Dec 2019 14:42:05 GMT" time="16.024" errors="0">
  <testcase name="setup" time="0.000" classname="com.Airpay.Tests.TC_PP_Wallet_Previous_Selected_Popular_wallet"/>
  <testcase name="TC_TestCaseName" time="16.024" classname="com.Airpay.Tests.TC_PP_Wallet_Previous_Selected_Popular_wallet"/>
</testsuite> <!-- com.Airpay.Tests.TC_PP_Wallet_Previous_Selected_Popular_wallet -->
