<?xml version="1.0" encoding="UTF-8"?>
<!-- Generated by org.testng.reporters.JUnitReportReporter -->
<testsuite skipped="0" hostname="DESKTOP-1HEU4UN" name="com.Airpay.Tests.TC_PP_NetBanking_Bank_page_validations" tests="2" failures="0" timestamp="04 Dec 2019 14:25:16 GMT" time="1800.167" errors="0">
  <testcase name="setup" time="0.000" classname="com.Airpay.Tests.TC_PP_NetBanking_Bank_page_validations"/>
  <testcase name="TC_TestCaseName" time="1800.167" classname="com.Airpay.Tests.TC_PP_NetBanking_Bank_page_validations"/>
</testsuite> <!-- com.Airpay.Tests.TC_PP_NetBanking_Bank_page_validations -->
