<?xml version="1.0" encoding="UTF-8"?>
<!-- Generated by org.testng.reporters.JUnitReportReporter -->
<testsuite hostname="Parmeshwar-QA" name="com.Airpay.Tests.TC_PP_11_Debit_Card" tests="2" failures="0" timestamp="25 Mar 2019 11:49:23 GMT" time="31.265" errors="0">
  <testcase name="TC_TestCaseName" time="31.265" classname="com.Airpay.Tests.TC_PP_11_Debit_Card"/>
  <testcase name="setup" time="0.000" classname="com.Airpay.Tests.TC_PP_11_Debit_Card"/>
</testsuite> <!-- com.Airpay.Tests.TC_PP_11_Debit_Card -->
