<?xml version="1.0" encoding="UTF-8"?>
<!-- Generated by org.testng.reporters.JUnitReportReporter -->
<testsuite hostname="Parmeshwar-QA" name="com.Airpay.Tests.TC_ID_Verify_Express_Payments_Forgot_Password_link_Sent" tests="2" failures="0" timestamp="25 Mar 2019 12:51:24 GMT" time="31.810" errors="0">
  <testcase name="setup" time="0.000" classname="com.Airpay.Tests.TC_ID_Verify_Express_Payments_Forgot_Password_link_Sent"/>
  <testcase name="TC_TestCaseName" time="31.810" classname="com.Airpay.Tests.TC_ID_Verify_Express_Payments_Forgot_Password_link_Sent"/>
</testsuite> <!-- com.Airpay.Tests.TC_ID_Verify_Express_Payments_Forgot_Password_link_Sent -->
