<?xml version="1.0" encoding="UTF-8"?>
<!-- Generated by org.testng.reporters.JUnitReportReporter -->
<testsuite hostname="Parmeshwar-QA" name="com.Airpay.Tests.TC_PP_BharatOR_BarCode_Session_TimeOut_errVerification_Inline_kit" tests="2" failures="0" timestamp="18 Mar 2019 09:25:27 GMT" time="215.618" errors="0">
  <testcase name="setup" time="0.001" classname="com.Airpay.Tests.TC_PP_BharatOR_BarCode_Session_TimeOut_errVerification_Inline_kit"/>
  <testcase name="TC_TestCaseName" time="215.617" classname="com.Airpay.Tests.TC_PP_BharatOR_BarCode_Session_TimeOut_errVerification_Inline_kit"/>
</testsuite> <!-- com.Airpay.Tests.TC_PP_BharatOR_BarCode_Session_TimeOut_errVerification_Inline_kit -->
