<?xml version="1.0" encoding="UTF-8"?>
<!-- Generated by org.testng.reporters.JUnitReportReporter -->
<testsuite hostname="Parmeshwar-QA" name="com.Airpay.Tests.TC_PP_05" tests="2" failures="0" timestamp="19 Feb 2019 08:51:44 GMT" time="9.574" errors="0">
  <testcase name="setup" time="0.000" classname="com.Airpay.Tests.TC_PP_05"/>
  <testcase name="TC_TestCaseName" time="9.574" classname="com.Airpay.Tests.TC_PP_05"/>
</testsuite> <!-- com.Airpay.Tests.TC_PP_05 -->
