<?xml version="1.0" encoding="UTF-8"?>
<!-- Generated by org.testng.reporters.JUnitReportReporter -->
<testsuite hostname="Parmeshwar-QA" name="com.Airpay.Tests.TC_PP_PaytmChannel_UPI_Success_Transaction" tests="2" failures="0" timestamp="20 Feb 2019 07:23:21 GMT" time="83.872" errors="0">
  <testcase name="TC_TestCaseName" time="83.872" classname="com.Airpay.Tests.TC_PP_PaytmChannel_UPI_Success_Transaction"/>
  <testcase name="setup" time="0.000" classname="com.Airpay.Tests.TC_PP_PaytmChannel_UPI_Success_Transaction"/>
</testsuite> <!-- com.Airpay.Tests.TC_PP_PaytmChannel_UPI_Success_Transaction -->
