<?xml version="1.0" encoding="UTF-8"?>
<!-- Generated by org.testng.reporters.JUnitReportReporter -->
<testsuite hostname="Parmeshwar-QA" name="com.Airpay.Tests.TC_PP_04" tests="2" failures="0" timestamp="30 May 2019 09:39:58 GMT" time="115.663" errors="0">
  <testcase name="TC_TestCaseName" time="115.663" classname="com.Airpay.Tests.TC_PP_04"/>
  <testcase name="setup" time="0.000" classname="com.Airpay.Tests.TC_PP_04"/>
</testsuite> <!-- com.Airpay.Tests.TC_PP_04 -->
