<?xml version="1.0" encoding="UTF-8"?>
<!-- Generated by org.testng.reporters.JUnitReportReporter -->
<testsuite skipped="0" hostname="DESKTOP-1HEU4UN" name="com.Airpay.Tests.TC_PP_UPI_Success_Transaction_Updated" tests="2" failures="0" timestamp="04 Oct 2019 12:39:05 GMT" time="27.041" errors="0">
  <testcase name="setup" time="0.000" classname="com.Airpay.Tests.TC_PP_UPI_Success_Transaction_Updated"/>
  <testcase name="TC_TestCaseName" time="27.041" classname="com.Airpay.Tests.TC_PP_UPI_Success_Transaction_Updated"/>
</testsuite> <!-- com.Airpay.Tests.TC_PP_UPI_Success_Transaction_Updated -->
