<?xml version="1.0" encoding="UTF-8"?>
<!-- Generated by org.testng.reporters.JUnitReportReporter -->
<testsuite skipped="0" hostname="Airpay-PC" name="com.Airpay.Tests.TC_PP_BharatOR_BarCode_img_verification" tests="2" failures="0" timestamp="11 Jul 2019 08:57:21 GMT" time="25.308" errors="0">
  <testcase name="setup" time="0.000" classname="com.Airpay.Tests.TC_PP_BharatOR_BarCode_img_verification"/>
  <testcase name="TC_TestCaseName" time="25.308" classname="com.Airpay.Tests.TC_PP_BharatOR_BarCode_img_verification"/>
</testsuite> <!-- com.Airpay.Tests.TC_PP_BharatOR_BarCode_img_verification -->
