<?xml version="1.0" encoding="UTF-8"?>
<!-- Generated by org.testng.reporters.JUnitReportReporter -->
<testsuite skipped="0" hostname="Airpay-PC" name="com.Airpay.Tests.TC_PP_05" tests="2" failures="0" timestamp="11 Jul 2019 08:03:11 GMT" time="13.965" errors="0">
  <testcase name="setup" time="0.000" classname="com.Airpay.Tests.TC_PP_05"/>
  <testcase name="TC_TestCaseName" time="13.965" classname="com.Airpay.Tests.TC_PP_05"/>
</testsuite> <!-- com.Airpay.Tests.TC_PP_05 -->
