<?xml version="1.0" encoding="UTF-8"?>
<!-- Generated by org.testng.reporters.JUnitReportReporter -->
<testsuite hostname="Parmeshwar-QA" name="com.Airpay.Tests.TC_PP_PaytmChannel_Session_Cancel_Popup_ErrorMessage" tests="2" failures="0" timestamp="22 Feb 2019 05:01:31 GMT" time="79.811" errors="0">
  <testcase name="TC_TestCaseName" time="79.811" classname="com.Airpay.Tests.TC_PP_PaytmChannel_Session_Cancel_Popup_ErrorMessage"/>
  <testcase name="setup" time="0.000" classname="com.Airpay.Tests.TC_PP_PaytmChannel_Session_Cancel_Popup_ErrorMessage"/>
</testsuite> <!-- com.Airpay.Tests.TC_PP_PaytmChannel_Session_Cancel_Popup_ErrorMessage -->
