<?xml version="1.0" encoding="UTF-8"?>
<!-- Generated by org.testng.reporters.JUnitReportReporter -->
<testsuite skipped="0" hostname="Airpay-PC" name="com.Airpay.Tests.TC_PP_Cash_MakePayment_PinCodeErrorLine" tests="2" failures="0" timestamp="11 Jul 2019 08:21:06 GMT" time="17.976" errors="0">
  <testcase name="setup" time="0.000" classname="com.Airpay.Tests.TC_PP_Cash_MakePayment_PinCodeErrorLine"/>
  <testcase name="TC_TestCaseName" time="17.976" classname="com.Airpay.Tests.TC_PP_Cash_MakePayment_PinCodeErrorLine"/>
</testsuite> <!-- com.Airpay.Tests.TC_PP_Cash_MakePayment_PinCodeErrorLine -->
