<?xml version="1.0" encoding="UTF-8"?>
<!-- Generated by org.testng.reporters.JUnitReportReporter -->
<testsuite skipped="0" hostname="DESKTOP-1HEU4UN" name="com.Airpay.Tests.TC_PP_Cash_MakePayment_PinCodeErrorLine" tests="2" failures="0" timestamp="04 Dec 2019 14:26:57 GMT" time="18.021" errors="0">
  <testcase name="setup" time="0.000" classname="com.Airpay.Tests.TC_PP_Cash_MakePayment_PinCodeErrorLine"/>
  <testcase name="TC_TestCaseName" time="18.021" classname="com.Airpay.Tests.TC_PP_Cash_MakePayment_PinCodeErrorLine"/>
</testsuite> <!-- com.Airpay.Tests.TC_PP_Cash_MakePayment_PinCodeErrorLine -->
