<?xml version="1.0" encoding="UTF-8"?>
<!-- Generated by org.testng.reporters.JUnitReportReporter -->
<testsuite hostname="Parmeshwar-QA" name="com.Airpay.Tests.TC_PP_Moto_Transaction_Debit_Card_failed_Transaction_Inline_kit" tests="2" failures="0" timestamp="18 Mar 2019 09:04:39 GMT" time="20.448" errors="0">
  <testcase name="setup" time="0.001" classname="com.Airpay.Tests.TC_PP_Moto_Transaction_Debit_Card_failed_Transaction_Inline_kit"/>
  <testcase name="TC_TestCaseName" time="20.447" classname="com.Airpay.Tests.TC_PP_Moto_Transaction_Debit_Card_failed_Transaction_Inline_kit"/>
</testsuite> <!-- com.Airpay.Tests.TC_PP_Moto_Transaction_Debit_Card_failed_Transaction_Inline_kit -->
