<?xml version="1.0" encoding="UTF-8"?>
<!-- Generated by org.testng.reporters.JUnitReportReporter -->
<testsuite hostname="Parmeshwar-QA" name="com.Airpay.Tests.TC_ID_Verify_Express_Payments_Invalid_OTP_Error_Msg" tests="2" failures="0" timestamp="22 Feb 2019 05:06:15 GMT" time="13.733" errors="0">
  <testcase name="TC_TestCaseName" time="13.733" classname="com.Airpay.Tests.TC_ID_Verify_Express_Payments_Invalid_OTP_Error_Msg"/>
  <testcase name="setup" time="0.000" classname="com.Airpay.Tests.TC_ID_Verify_Express_Payments_Invalid_OTP_Error_Msg"/>
</testsuite> <!-- com.Airpay.Tests.TC_ID_Verify_Express_Payments_Invalid_OTP_Error_Msg -->
