<?xml version="1.0" encoding="UTF-8"?>
<!-- Generated by org.testng.reporters.JUnitReportReporter -->
<testsuite skipped="0" hostname="Airpay-PC" name="com.Airpay.Tests.TC_PP_EMI_Verify_ErrMsg_for_Invalid_Bank_selection" tests="2" failures="0" timestamp="11 Jul 2019 08:54:39 GMT" time="87.299" errors="0">
  <testcase name="setup" time="0.000" classname="com.Airpay.Tests.TC_PP_EMI_Verify_ErrMsg_for_Invalid_Bank_selection"/>
  <testcase name="TC_TestCaseName" time="87.299" classname="com.Airpay.Tests.TC_PP_EMI_Verify_ErrMsg_for_Invalid_Bank_selection"/>
</testsuite> <!-- com.Airpay.Tests.TC_PP_EMI_Verify_ErrMsg_for_Invalid_Bank_selection -->
