<?xml version="1.0" encoding="UTF-8"?>
<!-- Generated by org.testng.reporters.JUnitReportReporter -->
<testsuite hostname="Parmeshwar-QA" name="com.Airpay.Tests.TC_PP_Wallet_Red_Line_Error_Inline_kit" tests="2" failures="0" timestamp="18 Mar 2019 08:50:22 GMT" time="9.743" errors="0">
  <testcase name="TC_TestCaseName" time="9.743" classname="com.Airpay.Tests.TC_PP_Wallet_Red_Line_Error_Inline_kit"/>
  <testcase name="setup" time="0.000" classname="com.Airpay.Tests.TC_PP_Wallet_Red_Line_Error_Inline_kit"/>
</testsuite> <!-- com.Airpay.Tests.TC_PP_Wallet_Red_Line_Error_Inline_kit -->
