<?xml version="1.0" encoding="UTF-8"?>
<!-- Generated by org.testng.reporters.JUnitReportReporter -->
<testsuite hostname="Parmeshwar-QA" name="com.Airpay.Tests.TC_PP_Debit_Card_logo_Appearance" tests="2" failures="0" timestamp="25 Mar 2019 12:12:30 GMT" time="16.757" errors="0">
  <testcase name="TC_TestCaseName" time="16.757" classname="com.Airpay.Tests.TC_PP_Debit_Card_logo_Appearance"/>
  <testcase name="setup" time="0.000" classname="com.Airpay.Tests.TC_PP_Debit_Card_logo_Appearance"/>
</testsuite> <!-- com.Airpay.Tests.TC_PP_Debit_Card_logo_Appearance -->
