<?xml version="1.0" encoding="UTF-8"?>
<!-- Generated by org.testng.reporters.JUnitReportReporter -->
<testsuite hostname="Parmeshwar-QA" name="com.Airpay.Tests.TC_PP_Moto_Transaction_Debit_Card_failed_Transaction" tests="2" failures="0" timestamp="30 May 2019 08:13:17 GMT" time="36.690" errors="0">
  <testcase name="TC_TestCaseName" time="36.690" classname="com.Airpay.Tests.TC_PP_Moto_Transaction_Debit_Card_failed_Transaction"/>
  <testcase name="setup" time="0.000" classname="com.Airpay.Tests.TC_PP_Moto_Transaction_Debit_Card_failed_Transaction"/>
</testsuite> <!-- com.Airpay.Tests.TC_PP_Moto_Transaction_Debit_Card_failed_Transaction -->
