<?xml version="1.0" encoding="UTF-8"?>
<!-- Generated by org.testng.reporters.JUnitReportReporter -->
<testsuite skipped="0" hostname="DESKTOP-1HEU4UN" name="com.Airpay.Tests.TC_PP_17_Credit_Card" tests="2" failures="0" timestamp="04 Dec 2019 14:32:43 GMT" time="51.995" errors="0">
  <testcase name="setup" time="0.000" classname="com.Airpay.Tests.TC_PP_17_Credit_Card"/>
  <testcase name="TC_TestCaseName" time="51.995" classname="com.Airpay.Tests.TC_PP_17_Credit_Card"/>
</testsuite> <!-- com.Airpay.Tests.TC_PP_17_Credit_Card -->
