<?xml version="1.0" encoding="UTF-8"?>
<!-- Generated by org.testng.reporters.JUnitReportReporter -->
<testsuite hostname="Parmeshwar-QA" name="com.Airpay.Tests.TC_PP_09_Credit_Card" tests="2" failures="0" timestamp="25 Mar 2019 11:46:36 GMT" time="22.641" errors="0">
  <testcase name="TC_TestCaseName" time="22.640" classname="com.Airpay.Tests.TC_PP_09_Credit_Card"/>
  <testcase name="setup" time="0.001" classname="com.Airpay.Tests.TC_PP_09_Credit_Card"/>
</testsuite> <!-- com.Airpay.Tests.TC_PP_09_Credit_Card -->
