<?xml version="1.0" encoding="UTF-8"?>
<!-- Generated by org.testng.reporters.JUnitReportReporter -->
<testsuite skipped="0" hostname="Airpay-PC" name="com.Airpay.Tests.TC_PP_Amazon_Pay_TestCase" tests="2" failures="0" timestamp="11 Jul 2019 09:08:12 GMT" time="41.321" errors="0">
  <testcase name="setup" time="0.000" classname="com.Airpay.Tests.TC_PP_Amazon_Pay_TestCase"/>
  <testcase name="TC_TestCaseName" time="41.321" classname="com.Airpay.Tests.TC_PP_Amazon_Pay_TestCase"/>
</testsuite> <!-- com.Airpay.Tests.TC_PP_Amazon_Pay_TestCase -->
