<?xml version="1.0" encoding="UTF-8"?>
<!-- Generated by org.testng.reporters.JUnitReportReporter -->
<testsuite hostname="Parmeshwar-QA" name="com.Airpay.Tests.TC_PP_14_EMI" tests="2" failures="0" timestamp="18 Mar 2019 08:36:29 GMT" time="76.222" errors="0">
  <testcase name="setup" time="0.001" classname="com.Airpay.Tests.TC_PP_14_EMI"/>
  <testcase name="TC_TestCaseName" time="76.221" classname="com.Airpay.Tests.TC_PP_14_EMI"/>
</testsuite> <!-- com.Airpay.Tests.TC_PP_14_EMI -->
