<?xml version="1.0" encoding="UTF-8"?>
<!-- Generated by org.testng.reporters.JUnitReportReporter -->
<testsuite skipped="0" hostname="Airpay-PC" name="com.Airpay.Tests.TC_ID_Verify_Express_Payments_Forgot_Password_link_Sent" tests="2" failures="0" timestamp="11 Jul 2019 09:22:33 GMT" time="65.426" errors="0">
  <testcase name="setup" time="0.001" classname="com.Airpay.Tests.TC_ID_Verify_Express_Payments_Forgot_Password_link_Sent"/>
  <testcase name="TC_TestCaseName" time="65.425" classname="com.Airpay.Tests.TC_ID_Verify_Express_Payments_Forgot_Password_link_Sent"/>
</testsuite> <!-- com.Airpay.Tests.TC_ID_Verify_Express_Payments_Forgot_Password_link_Sent -->
