<?xml version="1.0" encoding="UTF-8"?>
<!-- Generated by org.testng.reporters.JUnitReportReporter -->
<testsuite skipped="0" hostname="DESKTOP-1HEU4UN" name="com.Airpay.Tests.TC_PP_Invalid_UPI_Address_ErrMsg" tests="2" failures="0" timestamp="06 Jan 2020 07:22:44 GMT" time="45.906" errors="0">
  <testcase name="setup" time="0.001" classname="com.Airpay.Tests.TC_PP_Invalid_UPI_Address_ErrMsg"/>
  <testcase name="TC_TestCaseName" time="45.905" classname="com.Airpay.Tests.TC_PP_Invalid_UPI_Address_ErrMsg"/>
</testsuite> <!-- com.Airpay.Tests.TC_PP_Invalid_UPI_Address_ErrMsg -->
