<?xml version="1.0" encoding="UTF-8"?>
<!-- Generated by org.testng.reporters.JUnitReportReporter -->
<testsuite skipped="0" hostname="Airpay-PC" name="com.Airpay.Tests.TC_ID_Verify_Express_Payments_Invalid_PWd_and_BlankPWD" tests="2" failures="0" timestamp="11 Jul 2019 09:20:59 GMT" time="65.448" errors="0">
  <testcase name="setup" time="0.000" classname="com.Airpay.Tests.TC_ID_Verify_Express_Payments_Invalid_PWd_and_BlankPWD"/>
  <testcase name="TC_TestCaseName" time="65.448" classname="com.Airpay.Tests.TC_ID_Verify_Express_Payments_Invalid_PWd_and_BlankPWD"/>
</testsuite> <!-- com.Airpay.Tests.TC_ID_Verify_Express_Payments_Invalid_PWd_and_BlankPWD -->
