<?xml version="1.0" encoding="UTF-8"?>
<!-- Generated by org.testng.reporters.JUnitReportReporter -->
<testsuite hostname="Parmeshwar-QA" name="com.Airpay.Tests.TC_PP_EMI_Bank_Type_Verification" tests="2" failures="0" timestamp="20 Feb 2019 07:02:27 GMT" time="83.528" errors="0">
  <testcase name="TC_TestCaseName" time="83.528" classname="com.Airpay.Tests.TC_PP_EMI_Bank_Type_Verification"/>
  <testcase name="setup" time="0.000" classname="com.Airpay.Tests.TC_PP_EMI_Bank_Type_Verification"/>
</testsuite> <!-- com.Airpay.Tests.TC_PP_EMI_Bank_Type_Verification -->
