<?xml version="1.0" encoding="UTF-8"?>
<!-- Generated by org.testng.reporters.JUnitReportReporter -->
<testsuite hostname="DESKTOP-1HEU4UN" name="com.Airpay.Tests.MA_Report" tests="3" failures="0" timestamp="16 Mar 2020 07:04:38 GMT" time="123.579" errors="0">
  <testcase name="delete" time="0.000" classname="com.Airpay.Tests.MA_Report"/>
  <testcase name="setup" time="0.023" classname="com.Airpay.Tests.MA_Report"/>
  <testcase name="TC_TestCaseName" time="123.556" classname="com.Airpay.Tests.MA_Report"/>
</testsuite> <!-- com.Airpay.Tests.MA_Report -->
