<?xml version="1.0" encoding="UTF-8"?>
<!-- Generated by org.testng.reporters.JUnitReportReporter -->
<testsuite hostname="Parmeshwar-QA" name="com.Airpay.Tests.TC_PP_10" tests="2" failures="0" timestamp="19 Feb 2019 08:54:12 GMT" time="8.301" errors="0">
  <testcase name="setup" time="0.001" classname="com.Airpay.Tests.TC_PP_10"/>
  <testcase name="TC_TestCaseName" time="8.300" classname="com.Airpay.Tests.TC_PP_10"/>
</testsuite> <!-- com.Airpay.Tests.TC_PP_10 -->
