<?xml version="1.0" encoding="UTF-8"?>
<!-- Generated by org.testng.reporters.JUnitReportReporter -->
<testsuite hostname="Parmeshwar-QA" name="com.Airpay.Tests.TC_PP_Wallet_Red_Line_Error" tests="2" failures="0" timestamp="30 May 2019 10:35:01 GMT" time="189.889" errors="0">
  <testcase name="TC_TestCaseName" time="189.889" classname="com.Airpay.Tests.TC_PP_Wallet_Red_Line_Error"/>
  <testcase name="setup" time="0.000" classname="com.Airpay.Tests.TC_PP_Wallet_Red_Line_Error"/>
</testsuite> <!-- com.Airpay.Tests.TC_PP_Wallet_Red_Line_Error -->
