<?xml version="1.0" encoding="UTF-8"?>
<!-- Generated by org.testng.reporters.JUnitReportReporter -->
<testsuite hostname="Parmeshwar-QA" name="com.Airpay.Tests.TC_PP_10" tests="2" failures="0" timestamp="21 Feb 2019 12:09:54 GMT" time="8.326" errors="0">
  <testcase name="setup" time="0.001" classname="com.Airpay.Tests.TC_PP_10"/>
  <testcase name="TC_TestCaseName" time="8.325" classname="com.Airpay.Tests.TC_PP_10"/>
</testsuite> <!-- com.Airpay.Tests.TC_PP_10 -->
