<?xml version="1.0" encoding="UTF-8"?>
<!-- Generated by org.testng.reporters.JUnitReportReporter -->
<testsuite skipped="0" hostname="Airpay-PC" name="com.Airpay.Tests.TC_PP_Moto_Transaction_Credit_Card_Successfull_Transaction" tests="2" failures="0" timestamp="11 Jul 2019 08:45:54 GMT" time="117.800" errors="0">
  <testcase name="setup" time="0.000" classname="com.Airpay.Tests.TC_PP_Moto_Transaction_Credit_Card_Successfull_Transaction"/>
  <testcase name="TC_TestCaseName" time="117.800" classname="com.Airpay.Tests.TC_PP_Moto_Transaction_Credit_Card_Successfull_Transaction"/>
</testsuite> <!-- com.Airpay.Tests.TC_PP_Moto_Transaction_Credit_Card_Successfull_Transaction -->
